<?xml version="1.0" encoding="UTF-8"?>
<!-- Generated by org.testng.reporters.JUnitReportReporter -->
<testsuite skipped="0" hostname="Sumit" name="com.API_Testing.TestCasesScripts.TC_07_ReplaceDynamicjSonVarialbles" tests="1" failures="0" timestamp="2020-05-08T17:19:45 IST" time="5.432" errors="0">
  <testcase name="replaceVarialbes" time="5.432" classname="com.API_Testing.TestCasesScripts.TC_07_ReplaceDynamicjSonVarialbles"/>
  <system-out/>
</testsuite> <!-- com.API_Testing.TestCasesScripts.TC_07_ReplaceDynamicjSonVarialbles -->
