<?xml version="1.0" encoding="UTF-8"?>
<!-- Generated by org.testng.reporters.JUnitReportReporter -->
<testsuite skipped="0" hostname="Sumit" name="com.API_Testing.TestCasesScripts.testng.TC_07_GetDatabyKey" tests="1" failures="0" timestamp="2020-06-01T20:01:15 IST" time="0.008" errors="0">
  <testcase name="fetchValuedata" time="0.008" classname="com.API_Testing.TestCasesScripts.testng.TC_07_GetDatabyKey"/>
  <system-out/>
</testsuite> <!-- com.API_Testing.TestCasesScripts.testng.TC_07_GetDatabyKey -->
