<?xml version="1.0" encoding="UTF-8"?>
<!-- Generated by org.testng.reporters.JUnitReportReporter -->
<testsuite skipped="0" hostname="Sumit" name="com.API_Testing.TestCasesScripts.TC_01_PostMethods" tests="1" failures="0" timestamp="2020-06-01T20:01:15 IST" time="3.883" errors="0">
  <testcase name="createData" time="3.883" classname="com.API_Testing.TestCasesScripts.TC_01_PostMethods"/>
  <system-out/>
</testsuite> <!-- com.API_Testing.TestCasesScripts.TC_01_PostMethods -->
