<?xml version="1.0" encoding="UTF-8"?>
<!-- Generated by org.testng.reporters.JUnitReportReporter -->
<testsuite skipped="0" hostname="Sumit" name="com.API_Testing.TestCasesScripts.TC_07_GetDatabyKey" tests="1" failures="0" timestamp="2020-05-11T20:44:10 IST" time="0.009" errors="0">
  <testcase name="fetchValuedata" time="0.009" classname="com.API_Testing.TestCasesScripts.TC_07_GetDatabyKey"/>
  <system-out/>
</testsuite> <!-- com.API_Testing.TestCasesScripts.TC_07_GetDatabyKey -->
