<?xml version="1.0" encoding="UTF-8"?>
<!-- Generated by org.testng.reporters.JUnitReportReporter -->
<testsuite skipped="0" hostname="Sumit" name="com.API_Testing.TestCasesScripts.TC_03_PUTRequest" tests="3" failures="0" timestamp="2020-05-18T19:32:57 IST" time="0.195" errors="0">
  <testcase name="createData" time="0.081" classname="com.API_Testing.TestCasesScripts.TC_03_PUTRequest"/>
  <system-out/>
  <testcase name="updateRecord" time="0.065" classname="com.API_Testing.TestCasesScripts.TC_03_PUTRequest"/>
  <system-out/>
  <testcase name="getIDData" time="0.049" classname="com.API_Testing.TestCasesScripts.TC_03_PUTRequest"/>
  <system-out/>
</testsuite> <!-- com.API_Testing.TestCasesScripts.TC_03_PUTRequest -->
