<?xml version="1.0" encoding="UTF-8"?>
<!-- Generated by org.testng.reporters.JUnitReportReporter -->
<testsuite skipped="0" hostname="Sumit" name="com.API_Testing.TestCasesScripts.TC_03_PUTRequest" tests="3" failures="0" timestamp="2020-05-11T20:44:10 IST" time="0.184" errors="0">
  <testcase name="createData" time="0.076" classname="com.API_Testing.TestCasesScripts.TC_03_PUTRequest"/>
  <system-out/>
  <testcase name="updateRecord" time="0.056" classname="com.API_Testing.TestCasesScripts.TC_03_PUTRequest"/>
  <system-out/>
  <testcase name="getIDData" time="0.052" classname="com.API_Testing.TestCasesScripts.TC_03_PUTRequest"/>
  <system-out/>
</testsuite> <!-- com.API_Testing.TestCasesScripts.TC_03_PUTRequest -->
