<?xml version="1.0" encoding="UTF-8"?>
<!-- Generated by org.testng.reporters.JUnitReportReporter -->
<testsuite skipped="0" hostname="Sumit" name="com.API_Testing.TestCasesScripts.TC_04_PatchRequest" tests="4" failures="0" timestamp="2020-06-01T20:01:15 IST" time="0.186" errors="0">
  <testcase name="getIDData" time="0.049" classname="com.API_Testing.TestCasesScripts.TC_04_PatchRequest"/>
  <system-out/>
  <testcase name="updateSpecificData" time="0.038" classname="com.API_Testing.TestCasesScripts.TC_04_PatchRequest"/>
  <system-out/>
  <testcase name="createData" time="0.059" classname="com.API_Testing.TestCasesScripts.TC_04_PatchRequest"/>
  <system-out/>
  <testcase name="updateRecord" time="0.040" classname="com.API_Testing.TestCasesScripts.TC_04_PatchRequest"/>
  <system-out/>
</testsuite> <!-- com.API_Testing.TestCasesScripts.TC_04_PatchRequest -->
