<?xml version="1.0" encoding="UTF-8"?>
<!-- Generated by org.testng.reporters.JUnitReportReporter -->
<testsuite skipped="0" hostname="Sumit" name="com.API_Testing.TestCasesScripts.TC_09CompareJSonTwoFile" tests="1" failures="0" timestamp="2020-05-08T19:21:04 IST" time="0.013" errors="0">
  <testcase name="comparetoJson" time="0.013" classname="com.API_Testing.TestCasesScripts.TC_09CompareJSonTwoFile"/>
  <system-out/>
</testsuite> <!-- com.API_Testing.TestCasesScripts.TC_09CompareJSonTwoFile -->
