<?xml version="1.0" encoding="UTF-8"?>
<!-- Generated by org.testng.reporters.JUnitReportReporter -->
<testsuite skipped="0" hostname="Sumit" name="com.API_Testing.TestCasesScripts.TC_03_PUTRequest" tests="3" failures="0" timestamp="2020-05-08T19:21:04 IST" time="0.140" errors="0">
  <testcase name="updateRecord" time="0.039" classname="com.API_Testing.TestCasesScripts.TC_03_PUTRequest"/>
  <system-out/>
  <testcase name="getIDData" time="0.048" classname="com.API_Testing.TestCasesScripts.TC_03_PUTRequest"/>
  <system-out/>
  <testcase name="createData" time="0.053" classname="com.API_Testing.TestCasesScripts.TC_03_PUTRequest"/>
  <system-out/>
</testsuite> <!-- com.API_Testing.TestCasesScripts.TC_03_PUTRequest -->
