<?xml version="1.0" encoding="UTF-8"?>
<!-- Generated by org.testng.reporters.JUnitReportReporter -->
<testsuite skipped="0" hostname="Sumit" name="com.API_Testing.TestCasesScripts.TC_08_CompareJSonTwoFile" tests="1" failures="0" timestamp="2020-05-11T13:09:12 IST" time="0.059" errors="0">
  <testcase name="comparetoJson" time="0.059" classname="com.API_Testing.TestCasesScripts.TC_08_CompareJSonTwoFile"/>
  <system-out/>
</testsuite> <!-- com.API_Testing.TestCasesScripts.TC_08_CompareJSonTwoFile -->
