<?xml version="1.0" encoding="UTF-8"?>
<!-- Generated by org.testng.reporters.JUnitReportReporter -->
<testsuite skipped="0" hostname="Sumit" name="com.API_Testing.TestCasesScripts.TC_05_DeleteRequestData" tests="5" failures="0" timestamp="2020-05-11T20:44:10 IST" time="0.214" errors="0">
  <testcase name="updateRecord" time="0.036" classname="com.API_Testing.TestCasesScripts.TC_05_DeleteRequestData"/>
  <system-out/>
  <testcase name="deleteData" time="0.049" classname="com.API_Testing.TestCasesScripts.TC_05_DeleteRequestData"/>
  <system-out/>
  <testcase name="updateSpecificData" time="0.046" classname="com.API_Testing.TestCasesScripts.TC_05_DeleteRequestData"/>
  <system-out/>
  <testcase name="getIDData" time="0.033" classname="com.API_Testing.TestCasesScripts.TC_05_DeleteRequestData"/>
  <system-out/>
  <testcase name="createData" time="0.050" classname="com.API_Testing.TestCasesScripts.TC_05_DeleteRequestData"/>
  <system-out/>
</testsuite> <!-- com.API_Testing.TestCasesScripts.TC_05_DeleteRequestData -->
