<?xml version="1.0" encoding="UTF-8"?>
<!-- Generated by org.testng.reporters.JUnitReportReporter -->
<testsuite skipped="0" hostname="Sumit" name="com.API_Testing.TestCasesScripts.TC_04_PatchRequest" tests="4" failures="0" timestamp="2020-05-11T13:09:12 IST" time="0.235" errors="0">
  <testcase name="getIDData" time="0.044" classname="com.API_Testing.TestCasesScripts.TC_04_PatchRequest"/>
  <system-out/>
  <testcase name="createData" time="0.129" classname="com.API_Testing.TestCasesScripts.TC_04_PatchRequest"/>
  <system-out/>
  <testcase name="updateRecord" time="0.030" classname="com.API_Testing.TestCasesScripts.TC_04_PatchRequest"/>
  <system-out/>
  <testcase name="updateSpecificData" time="0.032" classname="com.API_Testing.TestCasesScripts.TC_04_PatchRequest"/>
  <system-out/>
</testsuite> <!-- com.API_Testing.TestCasesScripts.TC_04_PatchRequest -->
