<?xml version="1.0" encoding="UTF-8"?>
<!-- Generated by org.testng.reporters.JUnitReportReporter -->
<testsuite skipped="0" hostname="Sumit" name="com.API_Testing.TestCasesScripts.TC_04_PatchRequest" tests="4" failures="0" timestamp="2020-05-08T21:32:19 IST" time="0.212" errors="0">
  <testcase name="updateSpecificData" time="0.047" classname="com.API_Testing.TestCasesScripts.TC_04_PatchRequest"/>
  <system-out/>
  <testcase name="updateRecord" time="0.070" classname="com.API_Testing.TestCasesScripts.TC_04_PatchRequest"/>
  <system-out/>
  <testcase name="createData" time="0.048" classname="com.API_Testing.TestCasesScripts.TC_04_PatchRequest"/>
  <system-out/>
  <testcase name="getIDData" time="0.047" classname="com.API_Testing.TestCasesScripts.TC_04_PatchRequest"/>
  <system-out/>
</testsuite> <!-- com.API_Testing.TestCasesScripts.TC_04_PatchRequest -->
