<?xml version="1.0" encoding="UTF-8"?>
<!-- Generated by org.testng.reporters.JUnitReportReporter -->
<testsuite skipped="0" hostname="Docquitys-Air" name="com.API_Testing.TestScripts.TC_09CompareJSonTwoFile" tests="1" failures="0" timestamp="04 May 2020 13:17:33 GMT" time="0.011" errors="0">
  <testcase name="comparetoJson" time="0.011" classname="com.API_Testing.TestScripts.TC_09CompareJSonTwoFile"/>
</testsuite> <!-- com.API_Testing.TestScripts.TC_09CompareJSonTwoFile -->
