<?xml version="1.0" encoding="UTF-8"?>
<!-- Generated by org.testng.reporters.JUnitReportReporter -->
<testsuite hostname="Sumits-Air" failures="0" tests="1" name="com.API_Testing.TestScripts.TC_01_GetRequest" time="1.871" errors="0" timestamp="01 Oct 2019 20:14:30 GMT" skipped="0">
  <testcase classname="com.API_Testing.TestScripts.TC_01_GetRequest" name="getData" time="1.871"/>
</testsuite> <!-- com.API_Testing.TestScripts.TC_01_GetRequest -->
