<?xml version="1.0" encoding="UTF-8"?>
<!-- Generated by org.testng.reporters.JUnitReportReporter -->
<testsuite skipped="0" hostname="Sumit" name="com.API_Testing.TestScripts.TC_04_PatchRequest" tests="2" failures="0" timestamp="2020-05-06T20:21:49 IST" time="0.083" errors="0">
  <testcase name="updateSpecificData" time="0.045" classname="com.API_Testing.TestScripts.TC_04_PatchRequest"/>
  <system-out/>
  <testcase name="createData" time="0.038" classname="com.API_Testing.TestScripts.TC_04_PatchRequest"/>
  <system-out/>
</testsuite> <!-- com.API_Testing.TestScripts.TC_04_PatchRequest -->
