<?xml version="1.0" encoding="UTF-8"?>
<!-- Generated by org.testng.reporters.JUnitReportReporter -->
<testsuite skipped="0" hostname="Sumit" name="com.API_Testing.TestScripts.TC_06_GetALLData" tests="1" failures="0" timestamp="2020-05-06T21:46:53 IST" time="0.049" errors="0">
  <testcase name="getAllRecords" time="0.049" classname="com.API_Testing.TestScripts.TC_06_GetALLData"/>
  <system-out/>
</testsuite> <!-- com.API_Testing.TestScripts.TC_06_GetALLData -->
