<?xml version="1.0" encoding="UTF-8"?>
<!-- Generated by org.testng.reporters.JUnitReportReporter -->
<testsuite skipped="0" hostname="Sumit" name="com.API_Testing.TestScripts.TC_05_DeleteRequestData" tests="2" failures="0" timestamp="2020-05-06T20:30:56 IST" time="0.073" errors="0">
  <testcase name="deleteData" time="0.029" classname="com.API_Testing.TestScripts.TC_05_DeleteRequestData"/>
  <system-out/>
  <testcase name="createData" time="0.044" classname="com.API_Testing.TestScripts.TC_05_DeleteRequestData"/>
  <system-out/>
</testsuite> <!-- com.API_Testing.TestScripts.TC_05_DeleteRequestData -->
