<?xml version="1.0" encoding="UTF-8"?>
<!-- Generated by org.testng.reporters.JUnitReportReporter -->
<testsuite skipped="0" hostname="Sumit" name="com.API_Testing.TestScripts.TC_04_DeleteRequestData" tests="2" failures="0" timestamp="2020-05-05T14:48:45 IST" time="0.116" errors="0">
  <testcase name="deleteData" time="0.051" classname="com.API_Testing.TestScripts.TC_04_DeleteRequestData"/>
  <system-out/>
  <testcase name="createData" time="0.065" classname="com.API_Testing.TestScripts.TC_04_DeleteRequestData"/>
  <system-out/>
</testsuite> <!-- com.API_Testing.TestScripts.TC_04_DeleteRequestData -->
