<?xml version="1.0" encoding="UTF-8"?>
<!-- Generated by org.testng.reporters.JUnitReportReporter -->
<testsuite skipped="0" hostname="Sumit" name="com.API_Testing.TestScripts.TC_02_GetPerticulerIddata" tests="2" failures="0" timestamp="2020-05-06T20:21:49 IST" time="0.078" errors="0">
  <testcase name="createData" time="0.046" classname="com.API_Testing.TestScripts.TC_02_GetPerticulerIddata"/>
  <system-out/>
  <testcase name="getIDData" time="0.032" classname="com.API_Testing.TestScripts.TC_02_GetPerticulerIddata"/>
  <system-out/>
</testsuite> <!-- com.API_Testing.TestScripts.TC_02_GetPerticulerIddata -->
