<?xml version="1.0" encoding="UTF-8"?>
<!-- Generated by org.testng.reporters.JUnitReportReporter -->
<testsuite skipped="0" hostname="Sumit" name="com.API_Testing.TestScripts.TC_03_PUTRequest" tests="2" failures="0" timestamp="2020-05-05T14:48:45 IST" time="0.115" errors="0">
  <testcase name="updateRecord" time="0.061" classname="com.API_Testing.TestScripts.TC_03_PUTRequest"/>
  <system-out/>
  <testcase name="createData" time="0.054" classname="com.API_Testing.TestScripts.TC_03_PUTRequest"/>
  <system-out/>
</testsuite> <!-- com.API_Testing.TestScripts.TC_03_PUTRequest -->
