<?xml version="1.0" encoding="UTF-8"?>
<!-- Generated by org.testng.reporters.JUnitReportReporter -->
<testsuite hostname="Sumits-Air" failures="0" tests="1" name="com.API_Testing.TestScripts.TC_05_GetDatabyKey" time="0.024" errors="0" timestamp="06 Oct 2019 14:54:03 GMT" skipped="0">
  <testcase classname="com.API_Testing.TestScripts.TC_05_GetDatabyKey" name="fetchValuedata" time="0.024"/>
</testsuite> <!-- com.API_Testing.TestScripts.TC_05_GetDatabyKey -->
