<?xml version="1.0" encoding="UTF-8"?>
<!-- Generated by org.testng.reporters.JUnitReportReporter -->
<testsuite skipped="0" hostname="Sumit" name="com.API_Testing.TestScripts.TC_02_GetPerticulerIddata" tests="2" failures="0" timestamp="2020-05-06T16:48:33 IST" time="2.927" errors="0">
  <testcase name="createData" time="2.779" classname="com.API_Testing.TestScripts.TC_02_GetPerticulerIddata"/>
  <system-out/>
  <testcase name="getIDData" time="0.148" classname="com.API_Testing.TestScripts.TC_02_GetPerticulerIddata"/>
  <system-out/>
</testsuite> <!-- com.API_Testing.TestScripts.TC_02_GetPerticulerIddata -->
