<?xml version="1.0" encoding="UTF-8"?>
<!-- Generated by org.testng.reporters.JUnitReportReporter -->
<testsuite hostname="Sumits-Air" failures="0" tests="1" name="com.API_Testing.TestScripts.TC_03_PUTRequest" time="2.249" errors="0" timestamp="06 Oct 2019 13:04:04 GMT" skipped="0">
  <testcase classname="com.API_Testing.TestScripts.TC_03_PUTRequest" name="updateRecord" time="2.249"/>
</testsuite> <!-- com.API_Testing.TestScripts.TC_03_PUTRequest -->
