<?xml version="1.0" encoding="UTF-8"?>
<!-- Generated by org.testng.reporters.JUnitReportReporter -->
<testsuite hostname="INNOIL00345" failures="0" tests="1" name="com.API_Testing.TestCasesScripts.TC_08_CompareJSonTwoFile" time="0.049" errors="0" timestamp="2024-01-05T18:06:06 IST" skipped="0">
  <testcase classname="com.API_Testing.TestCasesScripts.TC_08_CompareJSonTwoFile" name="comparetoJson" time="0.049"/>
</testsuite> <!-- com.API_Testing.TestCasesScripts.TC_08_CompareJSonTwoFile -->
