<?xml version="1.0" encoding="UTF-8"?>
<!-- Generated by org.testng.reporters.JUnitReportReporter -->
<testsuite skipped="0" hostname="Sumit" name="com.API_Testing.TestScripts.TC_07_ReplaceDynamicjSonVarialbles" tests="1" failures="0" timestamp="2020-05-06T20:30:56 IST" time="14.438" errors="0">
  <testcase name="replaceVarialbes" time="14.438" classname="com.API_Testing.TestScripts.TC_07_ReplaceDynamicjSonVarialbles"/>
  <system-out/>
</testsuite> <!-- com.API_Testing.TestScripts.TC_07_ReplaceDynamicjSonVarialbles -->
