<?xml version="1.0" encoding="UTF-8"?>
<!-- Generated by org.testng.reporters.JUnitReportReporter -->
<testsuite skipped="0" hostname="Sumit" name="com.API_Testing.TestScripts.TC_4_PatchRequest" tests="1" failures="0" timestamp="2020-05-06T17:17:02 IST" time="2.702" errors="0">
  <testcase name="updateSpecificData" time="2.702" classname="com.API_Testing.TestScripts.TC_4_PatchRequest"/>
  <system-out/>
</testsuite> <!-- com.API_Testing.TestScripts.TC_4_PatchRequest -->
