<?xml version="1.0" encoding="UTF-8"?>
<!-- Generated by org.testng.reporters.JUnitReportReporter -->
<testsuite hostname="Sumits-Air" failures="0" tests="1" name="com.API_Testing.TestScripts.TC_01_PostRequest" time="0.074" errors="0" timestamp="01 Oct 2019 21:10:16 GMT" skipped="0">
  <testcase classname="com.API_Testing.TestScripts.TC_01_PostRequest" name="createData" time="0.074"/>
</testsuite> <!-- com.API_Testing.TestScripts.TC_01_PostRequest -->
