<?xml version="1.0" encoding="UTF-8"?>
<!-- Generated by org.testng.reporters.JUnitReportReporter -->
<testsuite skipped="0" hostname="Sumit" name="com.API_Testing.TestScripts.TC_04_PatchRequest" tests="4" failures="0" timestamp="2020-05-06T21:46:53 IST" time="0.142" errors="0">
  <testcase name="createData" time="0.059" classname="com.API_Testing.TestScripts.TC_04_PatchRequest"/>
  <system-out/>
  <testcase name="getIDData" time="0.033" classname="com.API_Testing.TestScripts.TC_04_PatchRequest"/>
  <system-out/>
  <testcase name="updateSpecificData" time="0.026" classname="com.API_Testing.TestScripts.TC_04_PatchRequest"/>
  <system-out/>
  <testcase name="updateRecord" time="0.024" classname="com.API_Testing.TestScripts.TC_04_PatchRequest"/>
  <system-out/>
</testsuite> <!-- com.API_Testing.TestScripts.TC_04_PatchRequest -->
