<?xml version="1.0" encoding="UTF-8"?>
<!-- Generated by org.testng.reporters.JUnitReportReporter -->
<testsuite skipped="0" hostname="Docquitys-Air" name="com.API_Testing.TestScripts.TC_06_AddValueInExsitingData" tests="1" failures="0" timestamp="04 May 2020 13:17:33 GMT" time="0.004" errors="0">
  <testcase name="addValueExsitingData" time="0.004" classname="com.API_Testing.TestScripts.TC_06_AddValueInExsitingData"/>
</testsuite> <!-- com.API_Testing.TestScripts.TC_06_AddValueInExsitingData -->
