<?xml version="1.0" encoding="UTF-8"?>
<!-- Generated by org.testng.reporters.JUnitReportReporter -->
<testsuite skipped="0" hostname="Sumit" name="com.API_Testing.TestScripts.TC_12_CheckGitHubServer" tests="1" failures="0" timestamp="2020-05-06T21:46:53 IST" time="30.034" errors="0">
  <testcase name="generateRecordOnGitServer" time="30.034" classname="com.API_Testing.TestScripts.TC_12_CheckGitHubServer"/>
  <system-out/>
</testsuite> <!-- com.API_Testing.TestScripts.TC_12_CheckGitHubServer -->
