<?xml version="1.0" encoding="UTF-8"?>
<!-- Generated by org.testng.reporters.JUnitReportReporter -->
<testsuite skipped="0" hostname="Docquitys-Air" name="com.API_Testing.TestScripts.TC_03_PUTRequest" tests="2" failures="0" timestamp="04 May 2020 13:17:33 GMT" time="0.090" errors="0">
  <testcase name="createData" time="0.058" classname="com.API_Testing.TestScripts.TC_03_PUTRequest"/>
  <testcase name="updateRecord" time="0.032" classname="com.API_Testing.TestScripts.TC_03_PUTRequest"/>
</testsuite> <!-- com.API_Testing.TestScripts.TC_03_PUTRequest -->
