<?xml version="1.0" encoding="UTF-8"?>
<!-- Generated by org.testng.reporters.JUnitReportReporter -->
<testsuite skipped="0" hostname="Sumit" name="com.API_Testing.TestScripts.TC_09CompareJSonTwoFile" tests="1" failures="0" timestamp="2020-05-06T20:21:49 IST" time="0.019" errors="0">
  <testcase name="comparetoJson" time="0.019" classname="com.API_Testing.TestScripts.TC_09CompareJSonTwoFile"/>
  <system-out/>
</testsuite> <!-- com.API_Testing.TestScripts.TC_09CompareJSonTwoFile -->
