<?xml version="1.0" encoding="UTF-8"?>
<!-- Generated by org.testng.reporters.JUnitReportReporter -->
<testsuite hostname="INNOIL00345" failures="0" tests="1" name="com.API_Testing.TestCasesScripts.testng.TC_07_GetDatabyKey" time="0.025" errors="0" timestamp="2024-01-05T18:06:16 IST" skipped="0">
  <testcase classname="com.API_Testing.TestCasesScripts.testng.TC_07_GetDatabyKey" name="fetchValuedata" time="0.025"/>
</testsuite> <!-- com.API_Testing.TestCasesScripts.testng.TC_07_GetDatabyKey -->
