<?xml version="1.0" encoding="UTF-8"?>
<!-- Generated by org.testng.reporters.JUnitReportReporter -->
<testsuite hostname="Sumits-Air" failures="0" tests="1" name="com.API_Testing.TestScripts.TC_06_AddValueInExsitingData" time="0.039" errors="0" timestamp="06 Oct 2019 18:15:49 GMT" skipped="0">
  <testcase classname="com.API_Testing.TestScripts.TC_06_AddValueInExsitingData" name="addValueExsitingData" time="0.039"/>
</testsuite> <!-- com.API_Testing.TestScripts.TC_06_AddValueInExsitingData -->
