<?xml version="1.0" encoding="UTF-8"?>
<!-- Generated by org.testng.reporters.JUnitReportReporter -->
<testsuite skipped="0" hostname="Sumit" name="com.API_Testing.TestScripts.TC_08_PatchRequest" tests="2" failures="0" timestamp="2020-05-05T18:00:05 IST" time="3.078" errors="0">
  <testcase name="createData" time="3.015" classname="com.API_Testing.TestScripts.TC_08_PatchRequest"/>
  <system-out/>
  <testcase name="updateDatausingPatch" time="0.063" classname="com.API_Testing.TestScripts.TC_08_PatchRequest"/>
  <system-out/>
</testsuite> <!-- com.API_Testing.TestScripts.TC_08_PatchRequest -->
