<?xml version="1.0" encoding="UTF-8"?>
<!-- Generated by org.testng.reporters.JUnitReportReporter -->
<testsuite hostname="Sumits-Air" failures="0" tests="1" name="com.API_Testing.TestScripts.TC_02_GetRequest" time="2.392" errors="0" timestamp="01 Oct 2019 21:10:16 GMT" skipped="0">
  <testcase classname="com.API_Testing.TestScripts.TC_02_GetRequest" name="getData" time="2.392"/>
</testsuite> <!-- com.API_Testing.TestScripts.TC_02_GetRequest -->
