<?xml version="1.0" encoding="UTF-8"?>
<!-- Generated by org.testng.reporters.JUnitReportReporter -->
<testsuite skipped="0" hostname="Docquitys-Air" name="com.API_Testing.TestScripts.TC_01_PostMethods" tests="1" failures="0" timestamp="04 May 2020 12:18:57 GMT" time="2.468" errors="0">
  <testcase name="createData" time="2.468" classname="com.API_Testing.TestScripts.TC_01_PostMethods"/>
</testsuite> <!-- com.API_Testing.TestScripts.TC_01_PostMethods -->
