<?xml version="1.0" encoding="UTF-8"?>
<!-- Generated by org.testng.reporters.JUnitReportReporter -->
<testsuite skipped="0" hostname="Docquitys-Air" name="com.API_Testing.TestScripts.TC_04_DeleteRequestData" tests="2" failures="0" timestamp="04 May 2020 13:17:33 GMT" time="2.401" errors="0">
  <testcase name="createData" time="2.345" classname="com.API_Testing.TestScripts.TC_04_DeleteRequestData"/>
  <testcase name="deleteData" time="0.056" classname="com.API_Testing.TestScripts.TC_04_DeleteRequestData"/>
</testsuite> <!-- com.API_Testing.TestScripts.TC_04_DeleteRequestData -->
