<?xml version="1.0" encoding="UTF-8"?>
<!-- Generated by org.testng.reporters.JUnitReportReporter -->
<testsuite skipped="0" hostname="Sumit" name="com.API_Testing.TestScripts.TC_03_PUTRequest" tests="2" failures="0" timestamp="2020-05-06T20:30:57 IST" time="0.103" errors="0">
  <testcase name="createData" time="0.050" classname="com.API_Testing.TestScripts.TC_03_PUTRequest"/>
  <system-out/>
  <testcase name="updateRecord" time="0.053" classname="com.API_Testing.TestScripts.TC_03_PUTRequest"/>
  <system-out/>
</testsuite> <!-- com.API_Testing.TestScripts.TC_03_PUTRequest -->
