<?xml version="1.0" encoding="UTF-8"?>
<!-- Generated by org.testng.reporters.JUnitReportReporter -->
<testsuite hostname="Sumits-Air" failures="0" tests="1" name="com.API_Testing.TestScripts.TC_03_DeleteRequestData" time="0.031" errors="0" timestamp="01 Oct 2019 21:10:16 GMT" skipped="0">
  <testcase classname="com.API_Testing.TestScripts.TC_03_DeleteRequestData" name="deleteData" time="0.031"/>
</testsuite> <!-- com.API_Testing.TestScripts.TC_03_DeleteRequestData -->
