<?xml version="1.0" encoding="UTF-8"?>
<!-- Generated by org.testng.reporters.JUnitReportReporter -->
<testsuite skipped="0" hostname="Sumit" name="com.API_Testing.TestScripts.TC_05_DeleteRequestData" tests="5" failures="0" timestamp="2020-05-06T21:46:53 IST" time="0.150" errors="0">
  <testcase name="createData" time="0.041" classname="com.API_Testing.TestScripts.TC_05_DeleteRequestData"/>
  <system-out/>
  <testcase name="updateSpecificData" time="0.024" classname="com.API_Testing.TestScripts.TC_05_DeleteRequestData"/>
  <system-out/>
  <testcase name="deleteData" time="0.036" classname="com.API_Testing.TestScripts.TC_05_DeleteRequestData"/>
  <system-out/>
  <testcase name="getIDData" time="0.026" classname="com.API_Testing.TestScripts.TC_05_DeleteRequestData"/>
  <system-out/>
  <testcase name="updateRecord" time="0.023" classname="com.API_Testing.TestScripts.TC_05_DeleteRequestData"/>
  <system-out/>
</testsuite> <!-- com.API_Testing.TestScripts.TC_05_DeleteRequestData -->
