<?xml version="1.0" encoding="UTF-8"?>
<!-- Generated by org.testng.reporters.JUnitReportReporter -->
<testsuite skipped="0" hostname="Docquitys-Air" name="com.API_Testing.TestScripts.TC_02_GetPerticulerIddata" tests="2" failures="0" timestamp="04 May 2020 13:17:33 GMT" time="0.099" errors="0">
  <testcase name="createData" time="0.062" classname="com.API_Testing.TestScripts.TC_02_GetPerticulerIddata"/>
  <testcase name="getIDData" time="0.037" classname="com.API_Testing.TestScripts.TC_02_GetPerticulerIddata"/>
</testsuite> <!-- com.API_Testing.TestScripts.TC_02_GetPerticulerIddata -->
