<?xml version="1.0" encoding="UTF-8"?>
<!-- Generated by org.testng.reporters.JUnitReportReporter -->
<testsuite skipped="0" hostname="Sumit" name="com.API_Testing.TestScripts.TC_12_CheckGitHubServer" tests="2" failures="0" timestamp="2020-05-06T18:32:09 IST" time="7.292" errors="0">
  <testcase name="getDataFromtheServer" time="2.311" classname="com.API_Testing.TestScripts.TC_12_CheckGitHubServer"/>
  <system-out/>
  <testcase name="generateRecordOnGitServer" time="4.981" classname="com.API_Testing.TestScripts.TC_12_CheckGitHubServer"/>
  <system-out/>
</testsuite> <!-- com.API_Testing.TestScripts.TC_12_CheckGitHubServer -->
