<?xml version="1.0" encoding="UTF-8"?>
<!-- Generated by org.testng.reporters.JUnitReportReporter -->
<testsuite skipped="0" hostname="Sumit" name="com.API_Testing.TestScripts.TC_10_PostDataUsingPojo" tests="1" failures="0" timestamp="2020-05-06T19:45:23 IST" time="2.516" errors="0">
  <testcase name="pojoPostTest" time="2.516" classname="com.API_Testing.TestScripts.TC_10_PostDataUsingPojo"/>
  <system-out/>
</testsuite> <!-- com.API_Testing.TestScripts.TC_10_PostDataUsingPojo -->
