<?xml version="1.0" encoding="UTF-8"?>
<!-- Generated by org.testng.reporters.JUnitReportReporter -->
<testsuite skipped="0" hostname="Sumit-PC" name="com.API_Testing.TestScripts.TC_01_PostRequest" tests="1" failures="0" timestamp="29 Mar 2020 09:17:24 GMT" time="7.609" errors="0">
  <testcase name="createData" time="7.609" classname="com.API_Testing.TestScripts.TC_01_PostRequest"/>
</testsuite> <!-- com.API_Testing.TestScripts.TC_01_PostRequest -->
