<?xml version="1.0" encoding="UTF-8"?>
<!-- Generated by org.testng.reporters.JUnitReportReporter -->
<testsuite hostname="Sumits-Air.Dlink" failures="0" tests="1" name="com.API_Testing.TestScripts.TC_01_GetRequest" time="1.863" errors="0" timestamp="16 Sep 2019 13:38:38 GMT" skipped="0">
  <testcase classname="com.API_Testing.TestScripts.TC_01_GetRequest" name="getData" time="1.863"/>
</testsuite> <!-- com.API_Testing.TestScripts.TC_01_GetRequest -->
