<?xml version="1.0" encoding="UTF-8"?>
<!-- Generated by org.testng.reporters.JUnitReportReporter -->
<testsuite hostname="Sumits-Air.Dlink" failures="0" tests="1" name="com.API_Testing.TestScripts.TC_07_ReplaceDynamicjSonVarialbles" time="5.964" errors="0" timestamp="09 Oct 2019 03:46:00 GMT" skipped="0">
  <testcase classname="com.API_Testing.TestScripts.TC_07_ReplaceDynamicjSonVarialbles" name="replaceVarialbes" time="5.964"/>
</testsuite> <!-- com.API_Testing.TestScripts.TC_07_ReplaceDynamicjSonVarialbles -->
