<?xml version="1.0" encoding="UTF-8"?>
<!-- Generated by org.testng.reporters.JUnitReportReporter -->
<testsuite skipped="0" hostname="Sumit" name="com.API_Testing.TestScripts.TC_05_GetDatabyKey" tests="1" failures="0" timestamp="2020-05-05T20:36:59 IST" time="0.034" errors="0">
  <testcase name="fetchValuedata" time="0.034" classname="com.API_Testing.TestScripts.TC_05_GetDatabyKey"/>
  <system-out/>
</testsuite> <!-- com.API_Testing.TestScripts.TC_05_GetDatabyKey -->
