<?xml version="1.0" encoding="UTF-8"?>
<!-- Generated by org.testng.reporters.JUnitReportReporter -->
<testsuite skipped="0" hostname="Sumit" name="com.API_Testing.TestCasesScripts.TC_01_PostMethods" tests="1" failures="0" timestamp="2020-05-08T17:35:24 IST" time="2.890" errors="0">
  <testcase name="createData" time="2.890" classname="com.API_Testing.TestCasesScripts.TC_01_PostMethods"/>
  <system-out/>
</testsuite> <!-- com.API_Testing.TestCasesScripts.TC_01_PostMethods -->
