<?xml version="1.0" encoding="UTF-8"?>
<!-- Generated by org.testng.reporters.JUnitReportReporter -->
<testsuite skipped="0" hostname="Sumit" name="com.API_Testing.TestCasesScripts.TC_03_PUTRequest" tests="3" failures="0" timestamp="2020-05-08T17:35:24 IST" time="0.111" errors="0">
  <testcase name="getIDData" time="0.026" classname="com.API_Testing.TestCasesScripts.TC_03_PUTRequest"/>
  <system-out/>
  <testcase name="createData" time="0.058" classname="com.API_Testing.TestCasesScripts.TC_03_PUTRequest"/>
  <system-out/>
  <testcase name="updateRecord" time="0.027" classname="com.API_Testing.TestCasesScripts.TC_03_PUTRequest"/>
  <system-out/>
</testsuite> <!-- com.API_Testing.TestCasesScripts.TC_03_PUTRequest -->
