<?xml version="1.0" encoding="UTF-8"?>
<!-- Generated by org.testng.reporters.JUnitReportReporter -->
<testsuite skipped="0" hostname="Sumit" name="com.API_Testing.TestCasesScripts.TC_11_AddValueInExsitingData" tests="1" failures="0" timestamp="2020-05-08T17:24:30 IST" time="0.004" errors="0">
  <testcase name="addValueExsitingData" time="0.004" classname="com.API_Testing.TestCasesScripts.TC_11_AddValueInExsitingData"/>
  <system-out/>
</testsuite> <!-- com.API_Testing.TestCasesScripts.TC_11_AddValueInExsitingData -->
