<?xml version="1.0" encoding="UTF-8"?>
<!-- Generated by org.testng.reporters.JUnitReportReporter -->
<testsuite skipped="0" hostname="Sumit" name="com.API_Testing.TestCasesScripts.TC_05_DeleteRequestData" tests="5" failures="0" timestamp="2020-05-08T17:24:30 IST" time="0.143" errors="0">
  <testcase name="deleteData" time="0.024" classname="com.API_Testing.TestCasesScripts.TC_05_DeleteRequestData"/>
  <system-out/>
  <testcase name="updateSpecificData" time="0.020" classname="com.API_Testing.TestCasesScripts.TC_05_DeleteRequestData"/>
  <system-out/>
  <testcase name="getIDData" time="0.019" classname="com.API_Testing.TestCasesScripts.TC_05_DeleteRequestData"/>
  <system-out/>
  <testcase name="createData" time="0.038" classname="com.API_Testing.TestCasesScripts.TC_05_DeleteRequestData"/>
  <system-out/>
  <testcase name="updateRecord" time="0.042" classname="com.API_Testing.TestCasesScripts.TC_05_DeleteRequestData"/>
  <system-out/>
</testsuite> <!-- com.API_Testing.TestCasesScripts.TC_05_DeleteRequestData -->
