<?xml version="1.0" encoding="UTF-8"?>
<!-- Generated by org.testng.reporters.JUnitReportReporter -->
<testsuite skipped="0" hostname="Sumit" name="com.API_Testing.TestCasesScripts.TC_02_GetPerticulerIddata" tests="2" failures="0" timestamp="2020-05-08T17:24:30 IST" time="0.158" errors="0">
  <testcase name="createData" time="0.053" classname="com.API_Testing.TestCasesScripts.TC_02_GetPerticulerIddata"/>
  <system-out/>
  <testcase name="getIDData" time="0.105" classname="com.API_Testing.TestCasesScripts.TC_02_GetPerticulerIddata"/>
  <system-out/>
</testsuite> <!-- com.API_Testing.TestCasesScripts.TC_02_GetPerticulerIddata -->
